2025-02-01 18:02:42.746 | INFO     | utils.utils_logger:<module>:38 - Logging to file: logs\project_log.log
2025-02-01 18:02:42.747 | INFO     | __main__:<module>:68 - Project root: C:\Users\scmil\Documents\Data_Analytics\Data_Streaming\buzzline-03-miller
2025-02-01 18:02:42.748 | INFO     | __main__:<module>:72 - Data folder: C:\Users\scmil\Documents\Data_Analytics\Data_Streaming\buzzline-03-miller\data
2025-02-01 18:02:42.748 | INFO     | __main__:<module>:76 - Data file: C:\Users\scmil\Documents\Data_Analytics\Data_Streaming\buzzline-03-miller\data\buzz.json
2025-02-01 18:02:42.748 | INFO     | __main__:main:137 - START producer.
2025-02-01 18:02:42.758 | INFO     | utils.utils_producer:get_zookeeper_address:57 - Zookeeper address: localhost:2181
2025-02-01 18:02:42.762 | INFO     | utils.utils_producer:check_zookeeper_service_is_ready:79 - Zookeeper is ready at localhost:2181.
2025-02-01 18:02:42.762 | INFO     | utils.utils_producer:get_kafka_broker_address:50 - Kafka broker address: localhost:9092
2025-02-01 18:02:43.070 | INFO     | utils.utils_producer:check_kafka_service_is_ready:98 - Kafka is ready. Brokers: {'throttle_time_ms': 0, 'brokers': [{'node_id': 1001, 'host': 'localhost', 'port': 9092, 'rack': None}], 'cluster_id': 'b_YEc9_mSjyM5tN5MA9yMQ', 'controller_id': 1001}
2025-02-01 18:02:43.071 | INFO     | __main__:get_kafka_topic:50 - Kafka topic: buzzline_json
2025-02-01 18:02:43.071 | INFO     | __main__:get_message_interval:57 - Message interval: 1 seconds
2025-02-01 18:02:43.071 | INFO     | utils.utils_producer:get_kafka_broker_address:50 - Kafka broker address: localhost:9092
2025-02-01 18:02:43.071 | INFO     | utils.utils_producer:create_kafka_producer:146 - Connecting to Kafka broker at localhost:9092...
2025-02-01 18:02:43.176 | INFO     | utils.utils_producer:create_kafka_producer:151 - Kafka producer successfully created.
2025-02-01 18:02:43.176 | INFO     | utils.utils_producer:get_kafka_broker_address:50 - Kafka broker address: localhost:9092
2025-02-01 18:02:43.484 | INFO     | utils.utils_producer:create_kafka_topic:172 - Topic 'buzzline_json' already exists. Clearing it out...
2025-02-01 18:02:43.485 | INFO     | utils.utils_producer:get_kafka_broker_address:50 - Kafka broker address: localhost:9092
2025-02-01 18:02:43.794 | ERROR    | utils.utils_producer:clear_kafka_topic:235 - Error managing retention for topic 'buzzline_json': list indices must be integers or slices, not ConfigResource
2025-02-01 18:02:43.794 | INFO     | __main__:main:160 - Kafka topic 'buzzline_json' is ready.
2025-02-01 18:02:43.794 | INFO     | __main__:main:166 - Starting message production to topic 'buzzline_json'...
2025-02-01 18:02:43.795 | INFO     | __main__:generate_messages:95 - Opening data file in read mode: C:\Users\scmil\Documents\Data_Analytics\Data_Streaming\buzzline-03-miller\data\buzz.json
2025-02-01 18:02:43.795 | INFO     | __main__:generate_messages:97 - Reading data from file: C:\Users\scmil\Documents\Data_Analytics\Data_Streaming\buzzline-03-miller\data\buzz.json
2025-02-01 18:02:43.796 | INFO     | __main__:main:171 - Sent message to topic 'buzzline_json': {'message': 'Data engineering is my passion.', 'author': 'Eve'}
2025-02-01 18:02:44.797 | INFO     | __main__:main:171 - Sent message to topic 'buzzline_json': {'message': 'Distributed systems are fascinating.', 'author': 'Alice'}
2025-02-01 18:02:45.798 | INFO     | __main__:main:171 - Sent message to topic 'buzzline_json': {'message': 'Have a great day!', 'author': 'Charlie'}
2025-02-01 18:02:46.799 | INFO     | __main__:main:171 - Sent message to topic 'buzzline_json': {'message': 'Data engineering is my passion.', 'author': 'Alice'}
2025-02-01 18:02:47.800 | INFO     | __main__:main:171 - Sent message to topic 'buzzline_json': {'message': 'Distributed systems are fascinating.', 'author': 'Diana'}
2025-02-01 18:02:48.761 | INFO     | utils.utils_logger:<module>:38 - Logging to file: logs\project_log.log
2025-02-01 18:02:48.763 | INFO     | __main__:main:162 - START consumer.
2025-02-01 18:02:48.763 | INFO     | __main__:get_kafka_topic:46 - Kafka topic: smoker_csv
2025-02-01 18:02:48.763 | INFO     | __main__:get_kafka_consumer_group_id:53 - Kafka consumer group id: smoker_group
2025-02-01 18:02:48.763 | INFO     | __main__:get_rolling_window_size:67 - Rolling window size: 10
2025-02-01 18:02:48.763 | INFO     | __main__:main:168 - Consumer: Topic 'smoker_csv' and group 'smoker_group'...
2025-02-01 18:02:48.763 | INFO     | __main__:main:169 - Rolling window size: 10
2025-02-01 18:02:48.763 | INFO     | utils.utils_producer:get_kafka_broker_address:50 - Kafka broker address: localhost:9092
2025-02-01 18:02:48.763 | INFO     | utils.utils_consumer:create_kafka_consumer:44 - Creating Kafka consumer. Topic='smoker_csv' and group ID='smoker_group'.
2025-02-01 18:02:48.801 | INFO     | __main__:main:171 - Sent message to topic 'buzzline_json': {'message': 'Buzz messages for everyone.', 'author': 'Alice'}
2025-02-01 18:02:48.870 | INFO     | utils.utils_consumer:create_kafka_consumer:59 - Kafka consumer created successfully.
2025-02-01 18:02:48.870 | INFO     | __main__:main:177 - Polling messages from topic 'smoker_csv'...
2025-02-01 18:02:49.802 | INFO     | __main__:main:171 - Sent message to topic 'buzzline_json': {'message': 'Hello, Kafka world!', 'author': 'Diana'}
2025-02-01 18:02:50.803 | INFO     | __main__:main:171 - Sent message to topic 'buzzline_json': {'message': 'This is a buzz message.', 'author': 'Eve'}
2025-02-01 18:02:51.804 | INFO     | __main__:main:171 - Sent message to topic 'buzzline_json': {'message': 'JSON makes life easier.', 'author': 'Eve'}
2025-02-01 18:02:52.805 | INFO     | __main__:main:171 - Sent message to topic 'buzzline_json': {'message': 'JSON makes life easier.', 'author': 'Alice'}
2025-02-01 18:02:53.806 | INFO     | __main__:main:171 - Sent message to topic 'buzzline_json': {'message': 'Data engineering is my passion.', 'author': 'Diana'}
2025-02-01 18:02:54.807 | INFO     | __main__:main:171 - Sent message to topic 'buzzline_json': {'message': 'JSON makes life easier.', 'author': 'Diana'}
2025-02-01 18:02:55.809 | INFO     | __main__:main:171 - Sent message to topic 'buzzline_json': {'message': 'Kafka is awesome.', 'author': 'Charlie'}
2025-02-01 18:02:56.810 | INFO     | __main__:main:171 - Sent message to topic 'buzzline_json': {'message': 'JSON makes life easier.', 'author': 'Bob'}
2025-02-01 18:02:57.811 | INFO     | __main__:main:171 - Sent message to topic 'buzzline_json': {'message': 'I love Python!', 'author': 'Bob'}
2025-02-01 18:02:58.812 | INFO     | __main__:main:171 - Sent message to topic 'buzzline_json': {'message': 'This is a buzz message.', 'author': 'Eve'}
2025-02-01 18:02:59.813 | INFO     | __main__:main:171 - Sent message to topic 'buzzline_json': {'message': 'I love Python!', 'author': 'Eve'}
2025-02-01 18:03:00.814 | INFO     | __main__:main:171 - Sent message to topic 'buzzline_json': {'message': 'Buzz messages for everyone.', 'author': 'Alice'}
2025-02-01 18:03:01.816 | INFO     | __main__:main:171 - Sent message to topic 'buzzline_json': {'message': 'This is a buzz message.', 'author': 'Alice'}
2025-02-01 18:03:02.817 | INFO     | __main__:main:171 - Sent message to topic 'buzzline_json': {'message': 'Data engineering is my passion.', 'author': 'Diana'}
2025-02-01 18:03:03.818 | INFO     | __main__:main:171 - Sent message to topic 'buzzline_json': {'message': 'I love Python!', 'author': 'Eve'}
2025-02-01 18:03:04.818 | INFO     | __main__:main:171 - Sent message to topic 'buzzline_json': {'message': 'JSON makes life easier.', 'author': 'Charlie'}
2025-02-01 18:03:05.820 | INFO     | __main__:main:171 - Sent message to topic 'buzzline_json': {'message': 'Have a great day!', 'author': 'Bob'}
2025-02-01 18:03:06.821 | INFO     | __main__:main:171 - Sent message to topic 'buzzline_json': {'message': 'Data engineering is my passion.', 'author': 'Alice'}
2025-02-01 18:03:07.364 | WARNING  | __main__:main:174 - Producer interrupted by user.
2025-02-01 18:03:07.365 | INFO     | __main__:main:179 - Kafka producer closed.
2025-02-01 18:03:07.365 | INFO     | __main__:main:181 - END producer.
2025-02-01 18:03:09.716 | INFO     | utils.utils_logger:<module>:38 - Logging to file: logs\project_log.log
2025-02-01 18:03:09.718 | INFO     | __main__:<module>:68 - Project root: C:\Users\scmil\Documents\Data_Analytics\Data_Streaming\buzzline-03-miller
2025-02-01 18:03:09.718 | INFO     | __main__:<module>:72 - Data folder: C:\Users\scmil\Documents\Data_Analytics\Data_Streaming\buzzline-03-miller\data
2025-02-01 18:03:09.719 | INFO     | __main__:<module>:76 - Data file: C:\Users\scmil\Documents\Data_Analytics\Data_Streaming\buzzline-03-miller\data\buzz.json
2025-02-01 18:03:09.719 | INFO     | __main__:main:137 - START producer.
2025-02-01 18:03:09.719 | INFO     | utils.utils_producer:get_zookeeper_address:57 - Zookeeper address: localhost:2181
2025-02-01 18:03:09.722 | INFO     | utils.utils_producer:check_zookeeper_service_is_ready:79 - Zookeeper is ready at localhost:2181.
2025-02-01 18:03:09.722 | INFO     | utils.utils_producer:get_kafka_broker_address:50 - Kafka broker address: localhost:9092
2025-02-01 18:03:10.031 | INFO     | utils.utils_producer:check_kafka_service_is_ready:98 - Kafka is ready. Brokers: {'throttle_time_ms': 0, 'brokers': [{'node_id': 1001, 'host': 'localhost', 'port': 9092, 'rack': None}], 'cluster_id': 'b_YEc9_mSjyM5tN5MA9yMQ', 'controller_id': 1001}
2025-02-01 18:03:10.032 | INFO     | __main__:get_kafka_topic:50 - Kafka topic: buzzline_json
2025-02-01 18:03:10.032 | INFO     | __main__:get_message_interval:57 - Message interval: 1 seconds
2025-02-01 18:03:10.032 | INFO     | utils.utils_producer:get_kafka_broker_address:50 - Kafka broker address: localhost:9092
2025-02-01 18:03:10.032 | INFO     | utils.utils_producer:create_kafka_producer:146 - Connecting to Kafka broker at localhost:9092...
2025-02-01 18:03:10.136 | INFO     | utils.utils_producer:create_kafka_producer:151 - Kafka producer successfully created.
2025-02-01 18:03:10.136 | INFO     | utils.utils_producer:get_kafka_broker_address:50 - Kafka broker address: localhost:9092
2025-02-01 18:03:10.444 | INFO     | utils.utils_producer:create_kafka_topic:172 - Topic 'buzzline_json' already exists. Clearing it out...
2025-02-01 18:03:10.444 | INFO     | utils.utils_producer:get_kafka_broker_address:50 - Kafka broker address: localhost:9092
2025-02-01 18:03:10.754 | ERROR    | utils.utils_producer:clear_kafka_topic:235 - Error managing retention for topic 'buzzline_json': list indices must be integers or slices, not ConfigResource
2025-02-01 18:03:10.754 | INFO     | __main__:main:160 - Kafka topic 'buzzline_json' is ready.
2025-02-01 18:03:10.754 | INFO     | __main__:main:166 - Starting message production to topic 'buzzline_json'...
2025-02-01 18:03:10.755 | INFO     | __main__:generate_messages:95 - Opening data file in read mode: C:\Users\scmil\Documents\Data_Analytics\Data_Streaming\buzzline-03-miller\data\buzz.json
2025-02-01 18:03:10.755 | INFO     | __main__:generate_messages:97 - Reading data from file: C:\Users\scmil\Documents\Data_Analytics\Data_Streaming\buzzline-03-miller\data\buzz.json
2025-02-01 18:03:10.756 | INFO     | __main__:main:171 - Sent message to topic 'buzzline_json': {'message': 'Data engineering is my passion.', 'author': 'Eve'}
2025-02-01 18:03:11.557 | WARNING  | __main__:main:184 - Consumer interrupted by user.
2025-02-01 18:03:11.561 | INFO     | __main__:main:189 - Kafka consumer for topic 'smoker_csv' closed.
2025-02-01 18:03:11.757 | INFO     | __main__:main:171 - Sent message to topic 'buzzline_json': {'message': 'Distributed systems are fascinating.', 'author': 'Alice'}
2025-02-01 18:03:12.758 | INFO     | __main__:main:171 - Sent message to topic 'buzzline_json': {'message': 'Have a great day!', 'author': 'Charlie'}
2025-02-01 18:03:13.760 | INFO     | __main__:main:171 - Sent message to topic 'buzzline_json': {'message': 'Data engineering is my passion.', 'author': 'Alice'}
2025-02-01 18:03:14.761 | INFO     | __main__:main:171 - Sent message to topic 'buzzline_json': {'message': 'Distributed systems are fascinating.', 'author': 'Diana'}
2025-02-01 18:03:15.051 | INFO     | utils.utils_logger:<module>:38 - Logging to file: logs\project_log.log
2025-02-01 18:03:15.053 | INFO     | __main__:main:136 - START consumer.
2025-02-01 18:03:15.053 | INFO     | __main__:get_kafka_topic:46 - Kafka topic: buzzline_json
2025-02-01 18:03:15.053 | INFO     | __main__:get_kafka_consumer_group_id:53 - Kafka consumer group id: buzz_group
2025-02-01 18:03:15.053 | INFO     | __main__:main:141 - Consumer: Topic 'buzzline_json' and group 'buzz_group'...
2025-02-01 18:03:15.053 | INFO     | utils.utils_producer:get_kafka_broker_address:50 - Kafka broker address: localhost:9092
2025-02-01 18:03:15.053 | INFO     | utils.utils_consumer:create_kafka_consumer:44 - Creating Kafka consumer. Topic='buzzline_json' and group ID='buzz_group'.
2025-02-01 18:03:15.159 | INFO     | utils.utils_consumer:create_kafka_consumer:59 - Kafka consumer created successfully.
2025-02-01 18:03:15.159 | INFO     | __main__:main:147 - Polling messages from topic 'buzzline_json'...
2025-02-01 18:03:15.373 | INFO     | __main__:process_message:89 - Processed JSON message: {'message': 'JSON makes life easier.', 'author': 'Charlie'}
2025-02-01 18:03:15.374 | INFO     | __main__:process_message:95 - Message received from author: Charlie
2025-02-01 18:03:15.374 | INFO     | __main__:process_message:109 - Author(s) with the most messages (1 messages): Charlie
2025-02-01 18:03:15.374 | INFO     | __main__:process_message:110 - Author(s) with the least messages (1 messages): Charlie
2025-02-01 18:03:15.374 | INFO     | __main__:process_message:113 - Updated author counts: {'Charlie': 1}
2025-02-01 18:03:15.374 | INFO     | __main__:process_message:89 - Processed JSON message: {'message': 'Data engineering is my passion.', 'author': 'Eve'}
2025-02-01 18:03:15.375 | INFO     | __main__:process_message:95 - Message received from author: Eve
2025-02-01 18:03:15.375 | INFO     | __main__:process_message:109 - Author(s) with the most messages (1 messages): Charlie, Eve
2025-02-01 18:03:15.375 | INFO     | __main__:process_message:110 - Author(s) with the least messages (1 messages): Charlie, Eve
2025-02-01 18:03:15.375 | INFO     | __main__:process_message:113 - Updated author counts: {'Charlie': 1, 'Eve': 1}
2025-02-01 18:03:15.375 | INFO     | __main__:process_message:89 - Processed JSON message: {'message': 'Distributed systems are fascinating.', 'author': 'Alice'}
2025-02-01 18:03:15.375 | INFO     | __main__:process_message:95 - Message received from author: Alice
2025-02-01 18:03:15.376 | INFO     | __main__:process_message:109 - Author(s) with the most messages (1 messages): Charlie, Eve, Alice
2025-02-01 18:03:15.376 | INFO     | __main__:process_message:110 - Author(s) with the least messages (1 messages): Charlie, Eve, Alice
2025-02-01 18:03:15.376 | INFO     | __main__:process_message:113 - Updated author counts: {'Charlie': 1, 'Eve': 1, 'Alice': 1}
2025-02-01 18:03:15.376 | INFO     | __main__:process_message:89 - Processed JSON message: {'message': 'Have a great day!', 'author': 'Charlie'}
2025-02-01 18:03:15.376 | INFO     | __main__:process_message:95 - Message received from author: Charlie
2025-02-01 18:03:15.376 | INFO     | __main__:process_message:109 - Author(s) with the most messages (2 messages): Charlie
2025-02-01 18:03:15.376 | INFO     | __main__:process_message:110 - Author(s) with the least messages (1 messages): Eve, Alice
2025-02-01 18:03:15.376 | INFO     | __main__:process_message:113 - Updated author counts: {'Charlie': 2, 'Eve': 1, 'Alice': 1}
2025-02-01 18:03:15.377 | INFO     | __main__:process_message:89 - Processed JSON message: {'message': 'Data engineering is my passion.', 'author': 'Alice'}
2025-02-01 18:03:15.377 | INFO     | __main__:process_message:95 - Message received from author: Alice
2025-02-01 18:03:15.377 | INFO     | __main__:process_message:109 - Author(s) with the most messages (2 messages): Charlie, Alice
2025-02-01 18:03:15.377 | INFO     | __main__:process_message:110 - Author(s) with the least messages (1 messages): Eve
2025-02-01 18:03:15.377 | INFO     | __main__:process_message:113 - Updated author counts: {'Charlie': 2, 'Eve': 1, 'Alice': 2}
2025-02-01 18:03:15.377 | INFO     | __main__:process_message:89 - Processed JSON message: {'message': 'Distributed systems are fascinating.', 'author': 'Diana'}
2025-02-01 18:03:15.378 | INFO     | __main__:process_message:95 - Message received from author: Diana
2025-02-01 18:03:15.378 | INFO     | __main__:process_message:109 - Author(s) with the most messages (2 messages): Charlie, Alice
2025-02-01 18:03:15.378 | INFO     | __main__:process_message:110 - Author(s) with the least messages (1 messages): Eve, Diana
2025-02-01 18:03:15.378 | INFO     | __main__:process_message:113 - Updated author counts: {'Charlie': 2, 'Eve': 1, 'Alice': 2, 'Diana': 1}
2025-02-01 18:03:15.378 | INFO     | __main__:process_message:89 - Processed JSON message: {'message': 'Buzz messages for everyone.', 'author': 'Alice'}
2025-02-01 18:03:15.378 | INFO     | __main__:process_message:95 - Message received from author: Alice
2025-02-01 18:03:15.379 | INFO     | __main__:process_message:109 - Author(s) with the most messages (3 messages): Alice
2025-02-01 18:03:15.379 | INFO     | __main__:process_message:110 - Author(s) with the least messages (1 messages): Eve, Diana
2025-02-01 18:03:15.379 | INFO     | __main__:process_message:113 - Updated author counts: {'Charlie': 2, 'Eve': 1, 'Alice': 3, 'Diana': 1}
2025-02-01 18:03:15.379 | INFO     | __main__:process_message:89 - Processed JSON message: {'message': 'Hello, Kafka world!', 'author': 'Diana'}
2025-02-01 18:03:15.379 | INFO     | __main__:process_message:95 - Message received from author: Diana
2025-02-01 18:03:15.380 | INFO     | __main__:process_message:109 - Author(s) with the most messages (3 messages): Alice
2025-02-01 18:03:15.380 | INFO     | __main__:process_message:110 - Author(s) with the least messages (1 messages): Eve
2025-02-01 18:03:15.380 | INFO     | __main__:process_message:113 - Updated author counts: {'Charlie': 2, 'Eve': 1, 'Alice': 3, 'Diana': 2}
2025-02-01 18:03:15.380 | INFO     | __main__:process_message:89 - Processed JSON message: {'message': 'This is a buzz message.', 'author': 'Eve'}
2025-02-01 18:03:15.380 | INFO     | __main__:process_message:95 - Message received from author: Eve
2025-02-01 18:03:15.380 | INFO     | __main__:process_message:109 - Author(s) with the most messages (3 messages): Alice
2025-02-01 18:03:15.381 | INFO     | __main__:process_message:110 - Author(s) with the least messages (2 messages): Charlie, Eve, Diana
2025-02-01 18:03:15.381 | INFO     | __main__:process_message:113 - Updated author counts: {'Charlie': 2, 'Eve': 2, 'Alice': 3, 'Diana': 2}
2025-02-01 18:03:15.381 | INFO     | __main__:process_message:89 - Processed JSON message: {'message': 'JSON makes life easier.', 'author': 'Eve'}
2025-02-01 18:03:15.381 | INFO     | __main__:process_message:95 - Message received from author: Eve
2025-02-01 18:03:15.381 | INFO     | __main__:process_message:109 - Author(s) with the most messages (3 messages): Eve, Alice
2025-02-01 18:03:15.381 | INFO     | __main__:process_message:110 - Author(s) with the least messages (2 messages): Charlie, Diana
2025-02-01 18:03:15.381 | INFO     | __main__:process_message:113 - Updated author counts: {'Charlie': 2, 'Eve': 3, 'Alice': 3, 'Diana': 2}
2025-02-01 18:03:15.382 | INFO     | __main__:process_message:89 - Processed JSON message: {'message': 'JSON makes life easier.', 'author': 'Alice'}
2025-02-01 18:03:15.382 | INFO     | __main__:process_message:95 - Message received from author: Alice
2025-02-01 18:03:15.382 | INFO     | __main__:process_message:109 - Author(s) with the most messages (4 messages): Alice
2025-02-01 18:03:15.382 | INFO     | __main__:process_message:110 - Author(s) with the least messages (2 messages): Charlie, Diana
2025-02-01 18:03:15.382 | INFO     | __main__:process_message:113 - Updated author counts: {'Charlie': 2, 'Eve': 3, 'Alice': 4, 'Diana': 2}
2025-02-01 18:03:15.383 | INFO     | __main__:process_message:89 - Processed JSON message: {'message': 'Data engineering is my passion.', 'author': 'Diana'}
2025-02-01 18:03:15.383 | INFO     | __main__:process_message:95 - Message received from author: Diana
2025-02-01 18:03:15.383 | INFO     | __main__:process_message:109 - Author(s) with the most messages (4 messages): Alice
2025-02-01 18:03:15.383 | INFO     | __main__:process_message:110 - Author(s) with the least messages (2 messages): Charlie
2025-02-01 18:03:15.383 | INFO     | __main__:process_message:113 - Updated author counts: {'Charlie': 2, 'Eve': 3, 'Alice': 4, 'Diana': 3}
2025-02-01 18:03:15.384 | INFO     | __main__:process_message:89 - Processed JSON message: {'message': 'JSON makes life easier.', 'author': 'Diana'}
2025-02-01 18:03:15.384 | INFO     | __main__:process_message:95 - Message received from author: Diana
2025-02-01 18:03:15.384 | INFO     | __main__:process_message:109 - Author(s) with the most messages (4 messages): Alice, Diana
2025-02-01 18:03:15.384 | INFO     | __main__:process_message:110 - Author(s) with the least messages (2 messages): Charlie
2025-02-01 18:03:15.384 | INFO     | __main__:process_message:113 - Updated author counts: {'Charlie': 2, 'Eve': 3, 'Alice': 4, 'Diana': 4}
2025-02-01 18:03:15.384 | INFO     | __main__:process_message:89 - Processed JSON message: {'message': 'Kafka is awesome.', 'author': 'Charlie'}
2025-02-01 18:03:15.385 | INFO     | __main__:process_message:95 - Message received from author: Charlie
2025-02-01 18:03:15.385 | INFO     | __main__:process_message:109 - Author(s) with the most messages (4 messages): Alice, Diana
2025-02-01 18:03:15.385 | INFO     | __main__:process_message:110 - Author(s) with the least messages (3 messages): Charlie, Eve
2025-02-01 18:03:15.385 | INFO     | __main__:process_message:113 - Updated author counts: {'Charlie': 3, 'Eve': 3, 'Alice': 4, 'Diana': 4}
2025-02-01 18:03:15.385 | INFO     | __main__:process_message:89 - Processed JSON message: {'message': 'JSON makes life easier.', 'author': 'Bob'}
2025-02-01 18:03:15.385 | INFO     | __main__:process_message:95 - Message received from author: Bob
2025-02-01 18:03:15.385 | INFO     | __main__:process_message:109 - Author(s) with the most messages (4 messages): Alice, Diana
2025-02-01 18:03:15.386 | INFO     | __main__:process_message:110 - Author(s) with the least messages (1 messages): Bob
2025-02-01 18:03:15.386 | INFO     | __main__:process_message:113 - Updated author counts: {'Charlie': 3, 'Eve': 3, 'Alice': 4, 'Diana': 4, 'Bob': 1}
2025-02-01 18:03:15.386 | INFO     | __main__:process_message:89 - Processed JSON message: {'message': 'I love Python!', 'author': 'Bob'}
2025-02-01 18:03:15.386 | INFO     | __main__:process_message:95 - Message received from author: Bob
2025-02-01 18:03:15.386 | INFO     | __main__:process_message:109 - Author(s) with the most messages (4 messages): Alice, Diana
2025-02-01 18:03:15.386 | INFO     | __main__:process_message:110 - Author(s) with the least messages (2 messages): Bob
2025-02-01 18:03:15.386 | INFO     | __main__:process_message:113 - Updated author counts: {'Charlie': 3, 'Eve': 3, 'Alice': 4, 'Diana': 4, 'Bob': 2}
2025-02-01 18:03:15.387 | INFO     | __main__:process_message:89 - Processed JSON message: {'message': 'This is a buzz message.', 'author': 'Eve'}
2025-02-01 18:03:15.387 | INFO     | __main__:process_message:95 - Message received from author: Eve
2025-02-01 18:03:15.387 | INFO     | __main__:process_message:109 - Author(s) with the most messages (4 messages): Eve, Alice, Diana
2025-02-01 18:03:15.387 | INFO     | __main__:process_message:110 - Author(s) with the least messages (2 messages): Bob
2025-02-01 18:03:15.387 | INFO     | __main__:process_message:113 - Updated author counts: {'Charlie': 3, 'Eve': 4, 'Alice': 4, 'Diana': 4, 'Bob': 2}
2025-02-01 18:03:15.387 | INFO     | __main__:process_message:89 - Processed JSON message: {'message': 'I love Python!', 'author': 'Eve'}
2025-02-01 18:03:15.387 | INFO     | __main__:process_message:95 - Message received from author: Eve
2025-02-01 18:03:15.387 | INFO     | __main__:process_message:109 - Author(s) with the most messages (5 messages): Eve
2025-02-01 18:03:15.387 | INFO     | __main__:process_message:110 - Author(s) with the least messages (2 messages): Bob
2025-02-01 18:03:15.388 | INFO     | __main__:process_message:113 - Updated author counts: {'Charlie': 3, 'Eve': 5, 'Alice': 4, 'Diana': 4, 'Bob': 2}
2025-02-01 18:03:15.388 | INFO     | __main__:process_message:89 - Processed JSON message: {'message': 'Buzz messages for everyone.', 'author': 'Alice'}
2025-02-01 18:03:15.388 | INFO     | __main__:process_message:95 - Message received from author: Alice
2025-02-01 18:03:15.388 | INFO     | __main__:process_message:109 - Author(s) with the most messages (5 messages): Eve, Alice
2025-02-01 18:03:15.388 | INFO     | __main__:process_message:110 - Author(s) with the least messages (2 messages): Bob
2025-02-01 18:03:15.388 | INFO     | __main__:process_message:113 - Updated author counts: {'Charlie': 3, 'Eve': 5, 'Alice': 5, 'Diana': 4, 'Bob': 2}
2025-02-01 18:03:15.389 | INFO     | __main__:process_message:89 - Processed JSON message: {'message': 'This is a buzz message.', 'author': 'Alice'}
2025-02-01 18:03:15.389 | INFO     | __main__:process_message:95 - Message received from author: Alice
2025-02-01 18:03:15.389 | INFO     | __main__:process_message:109 - Author(s) with the most messages (6 messages): Alice
2025-02-01 18:03:15.389 | INFO     | __main__:process_message:110 - Author(s) with the least messages (2 messages): Bob
2025-02-01 18:03:15.389 | INFO     | __main__:process_message:113 - Updated author counts: {'Charlie': 3, 'Eve': 5, 'Alice': 6, 'Diana': 4, 'Bob': 2}
2025-02-01 18:03:15.389 | INFO     | __main__:process_message:89 - Processed JSON message: {'message': 'Data engineering is my passion.', 'author': 'Diana'}
2025-02-01 18:03:15.390 | INFO     | __main__:process_message:95 - Message received from author: Diana
2025-02-01 18:03:15.390 | INFO     | __main__:process_message:109 - Author(s) with the most messages (6 messages): Alice
2025-02-01 18:03:15.390 | INFO     | __main__:process_message:110 - Author(s) with the least messages (2 messages): Bob
2025-02-01 18:03:15.390 | INFO     | __main__:process_message:113 - Updated author counts: {'Charlie': 3, 'Eve': 5, 'Alice': 6, 'Diana': 5, 'Bob': 2}
2025-02-01 18:03:15.390 | INFO     | __main__:process_message:89 - Processed JSON message: {'message': 'I love Python!', 'author': 'Eve'}
2025-02-01 18:03:15.390 | INFO     | __main__:process_message:95 - Message received from author: Eve
2025-02-01 18:03:15.390 | INFO     | __main__:process_message:109 - Author(s) with the most messages (6 messages): Eve, Alice
2025-02-01 18:03:15.390 | INFO     | __main__:process_message:110 - Author(s) with the least messages (2 messages): Bob
2025-02-01 18:03:15.390 | INFO     | __main__:process_message:113 - Updated author counts: {'Charlie': 3, 'Eve': 6, 'Alice': 6, 'Diana': 5, 'Bob': 2}
2025-02-01 18:03:15.391 | INFO     | __main__:process_message:89 - Processed JSON message: {'message': 'JSON makes life easier.', 'author': 'Charlie'}
2025-02-01 18:03:15.391 | INFO     | __main__:process_message:95 - Message received from author: Charlie
2025-02-01 18:03:15.391 | INFO     | __main__:process_message:109 - Author(s) with the most messages (6 messages): Eve, Alice
2025-02-01 18:03:15.391 | INFO     | __main__:process_message:110 - Author(s) with the least messages (2 messages): Bob
2025-02-01 18:03:15.391 | INFO     | __main__:process_message:113 - Updated author counts: {'Charlie': 4, 'Eve': 6, 'Alice': 6, 'Diana': 5, 'Bob': 2}
2025-02-01 18:03:15.391 | INFO     | __main__:process_message:89 - Processed JSON message: {'message': 'Have a great day!', 'author': 'Bob'}
2025-02-01 18:03:15.391 | INFO     | __main__:process_message:95 - Message received from author: Bob
2025-02-01 18:03:15.392 | INFO     | __main__:process_message:109 - Author(s) with the most messages (6 messages): Eve, Alice
2025-02-01 18:03:15.392 | INFO     | __main__:process_message:110 - Author(s) with the least messages (3 messages): Bob
2025-02-01 18:03:15.392 | INFO     | __main__:process_message:113 - Updated author counts: {'Charlie': 4, 'Eve': 6, 'Alice': 6, 'Diana': 5, 'Bob': 3}
2025-02-01 18:03:15.392 | INFO     | __main__:process_message:89 - Processed JSON message: {'message': 'Data engineering is my passion.', 'author': 'Alice'}
2025-02-01 18:03:15.392 | INFO     | __main__:process_message:95 - Message received from author: Alice
2025-02-01 18:03:15.392 | INFO     | __main__:process_message:109 - Author(s) with the most messages (7 messages): Alice
2025-02-01 18:03:15.392 | INFO     | __main__:process_message:110 - Author(s) with the least messages (3 messages): Bob
2025-02-01 18:03:15.392 | INFO     | __main__:process_message:113 - Updated author counts: {'Charlie': 4, 'Eve': 6, 'Alice': 7, 'Diana': 5, 'Bob': 3}
2025-02-01 18:03:15.393 | INFO     | __main__:process_message:89 - Processed JSON message: {'message': 'Data engineering is my passion.', 'author': 'Eve'}
2025-02-01 18:03:15.393 | INFO     | __main__:process_message:95 - Message received from author: Eve
2025-02-01 18:03:15.393 | INFO     | __main__:process_message:109 - Author(s) with the most messages (7 messages): Eve, Alice
2025-02-01 18:03:15.393 | INFO     | __main__:process_message:110 - Author(s) with the least messages (3 messages): Bob
2025-02-01 18:03:15.393 | INFO     | __main__:process_message:113 - Updated author counts: {'Charlie': 4, 'Eve': 7, 'Alice': 7, 'Diana': 5, 'Bob': 3}
2025-02-01 18:03:15.393 | INFO     | __main__:process_message:89 - Processed JSON message: {'message': 'Distributed systems are fascinating.', 'author': 'Alice'}
2025-02-01 18:03:15.394 | INFO     | __main__:process_message:95 - Message received from author: Alice
2025-02-01 18:03:15.394 | INFO     | __main__:process_message:109 - Author(s) with the most messages (8 messages): Alice
2025-02-01 18:03:15.394 | INFO     | __main__:process_message:110 - Author(s) with the least messages (3 messages): Bob
2025-02-01 18:03:15.394 | INFO     | __main__:process_message:113 - Updated author counts: {'Charlie': 4, 'Eve': 7, 'Alice': 8, 'Diana': 5, 'Bob': 3}
2025-02-01 18:03:15.395 | INFO     | __main__:process_message:89 - Processed JSON message: {'message': 'Have a great day!', 'author': 'Charlie'}
2025-02-01 18:03:15.395 | INFO     | __main__:process_message:95 - Message received from author: Charlie
2025-02-01 18:03:15.395 | INFO     | __main__:process_message:109 - Author(s) with the most messages (8 messages): Alice
2025-02-01 18:03:15.395 | INFO     | __main__:process_message:110 - Author(s) with the least messages (3 messages): Bob
2025-02-01 18:03:15.395 | INFO     | __main__:process_message:113 - Updated author counts: {'Charlie': 5, 'Eve': 7, 'Alice': 8, 'Diana': 5, 'Bob': 3}
2025-02-01 18:03:15.395 | INFO     | __main__:process_message:89 - Processed JSON message: {'message': 'Data engineering is my passion.', 'author': 'Alice'}
2025-02-01 18:03:15.395 | INFO     | __main__:process_message:95 - Message received from author: Alice
2025-02-01 18:03:15.396 | INFO     | __main__:process_message:109 - Author(s) with the most messages (9 messages): Alice
2025-02-01 18:03:15.396 | INFO     | __main__:process_message:110 - Author(s) with the least messages (3 messages): Bob
2025-02-01 18:03:15.396 | INFO     | __main__:process_message:113 - Updated author counts: {'Charlie': 5, 'Eve': 7, 'Alice': 9, 'Diana': 5, 'Bob': 3}
2025-02-01 18:03:15.396 | INFO     | __main__:process_message:89 - Processed JSON message: {'message': 'Distributed systems are fascinating.', 'author': 'Diana'}
2025-02-01 18:03:15.396 | INFO     | __main__:process_message:95 - Message received from author: Diana
2025-02-01 18:03:15.396 | INFO     | __main__:process_message:109 - Author(s) with the most messages (9 messages): Alice
2025-02-01 18:03:15.396 | INFO     | __main__:process_message:110 - Author(s) with the least messages (3 messages): Bob
2025-02-01 18:03:15.396 | INFO     | __main__:process_message:113 - Updated author counts: {'Charlie': 5, 'Eve': 7, 'Alice': 9, 'Diana': 6, 'Bob': 3}
2025-02-01 18:03:15.761 | INFO     | __main__:main:171 - Sent message to topic 'buzzline_json': {'message': 'Buzz messages for everyone.', 'author': 'Alice'}
2025-02-01 18:03:15.768 | INFO     | __main__:process_message:89 - Processed JSON message: {'message': 'Buzz messages for everyone.', 'author': 'Alice'}
2025-02-01 18:03:15.769 | INFO     | __main__:process_message:95 - Message received from author: Alice
2025-02-01 18:03:15.769 | INFO     | __main__:process_message:109 - Author(s) with the most messages (10 messages): Alice
2025-02-01 18:03:15.769 | INFO     | __main__:process_message:110 - Author(s) with the least messages (3 messages): Bob
2025-02-01 18:03:15.769 | INFO     | __main__:process_message:113 - Updated author counts: {'Charlie': 5, 'Eve': 7, 'Alice': 10, 'Diana': 6, 'Bob': 3}
2025-02-01 18:03:16.763 | INFO     | __main__:main:171 - Sent message to topic 'buzzline_json': {'message': 'Hello, Kafka world!', 'author': 'Diana'}
2025-02-01 18:03:16.769 | INFO     | __main__:process_message:89 - Processed JSON message: {'message': 'Hello, Kafka world!', 'author': 'Diana'}
2025-02-01 18:03:16.770 | INFO     | __main__:process_message:95 - Message received from author: Diana
2025-02-01 18:03:16.770 | INFO     | __main__:process_message:109 - Author(s) with the most messages (10 messages): Alice
2025-02-01 18:03:16.770 | INFO     | __main__:process_message:110 - Author(s) with the least messages (3 messages): Bob
2025-02-01 18:03:16.770 | INFO     | __main__:process_message:113 - Updated author counts: {'Charlie': 5, 'Eve': 7, 'Alice': 10, 'Diana': 7, 'Bob': 3}
2025-02-01 18:03:17.764 | INFO     | __main__:main:171 - Sent message to topic 'buzzline_json': {'message': 'This is a buzz message.', 'author': 'Eve'}
2025-02-01 18:03:17.771 | INFO     | __main__:process_message:89 - Processed JSON message: {'message': 'This is a buzz message.', 'author': 'Eve'}
2025-02-01 18:03:17.771 | INFO     | __main__:process_message:95 - Message received from author: Eve
2025-02-01 18:03:17.771 | INFO     | __main__:process_message:109 - Author(s) with the most messages (10 messages): Alice
2025-02-01 18:03:17.771 | INFO     | __main__:process_message:110 - Author(s) with the least messages (3 messages): Bob
2025-02-01 18:03:17.771 | INFO     | __main__:process_message:113 - Updated author counts: {'Charlie': 5, 'Eve': 8, 'Alice': 10, 'Diana': 7, 'Bob': 3}
2025-02-01 18:03:18.765 | INFO     | __main__:main:171 - Sent message to topic 'buzzline_json': {'message': 'JSON makes life easier.', 'author': 'Eve'}
2025-02-01 18:03:18.772 | INFO     | __main__:process_message:89 - Processed JSON message: {'message': 'JSON makes life easier.', 'author': 'Eve'}
2025-02-01 18:03:18.772 | INFO     | __main__:process_message:95 - Message received from author: Eve
2025-02-01 18:03:18.772 | INFO     | __main__:process_message:109 - Author(s) with the most messages (10 messages): Alice
2025-02-01 18:03:18.772 | INFO     | __main__:process_message:110 - Author(s) with the least messages (3 messages): Bob
2025-02-01 18:03:18.772 | INFO     | __main__:process_message:113 - Updated author counts: {'Charlie': 5, 'Eve': 9, 'Alice': 10, 'Diana': 7, 'Bob': 3}
2025-02-01 18:03:19.766 | INFO     | __main__:main:171 - Sent message to topic 'buzzline_json': {'message': 'JSON makes life easier.', 'author': 'Alice'}
2025-02-01 18:03:19.773 | INFO     | __main__:process_message:89 - Processed JSON message: {'message': 'JSON makes life easier.', 'author': 'Alice'}
2025-02-01 18:03:19.773 | INFO     | __main__:process_message:95 - Message received from author: Alice
2025-02-01 18:03:19.773 | INFO     | __main__:process_message:109 - Author(s) with the most messages (11 messages): Alice
2025-02-01 18:03:19.773 | INFO     | __main__:process_message:110 - Author(s) with the least messages (3 messages): Bob
2025-02-01 18:03:19.773 | INFO     | __main__:process_message:113 - Updated author counts: {'Charlie': 5, 'Eve': 9, 'Alice': 11, 'Diana': 7, 'Bob': 3}
2025-02-01 18:03:20.767 | INFO     | __main__:main:171 - Sent message to topic 'buzzline_json': {'message': 'Data engineering is my passion.', 'author': 'Diana'}
2025-02-01 18:03:20.774 | INFO     | __main__:process_message:89 - Processed JSON message: {'message': 'Data engineering is my passion.', 'author': 'Diana'}
2025-02-01 18:03:20.774 | INFO     | __main__:process_message:95 - Message received from author: Diana
2025-02-01 18:03:20.774 | INFO     | __main__:process_message:109 - Author(s) with the most messages (11 messages): Alice
2025-02-01 18:03:20.774 | INFO     | __main__:process_message:110 - Author(s) with the least messages (3 messages): Bob
2025-02-01 18:03:20.775 | INFO     | __main__:process_message:113 - Updated author counts: {'Charlie': 5, 'Eve': 9, 'Alice': 11, 'Diana': 8, 'Bob': 3}
2025-02-01 18:03:21.768 | INFO     | __main__:main:171 - Sent message to topic 'buzzline_json': {'message': 'JSON makes life easier.', 'author': 'Diana'}
2025-02-01 18:03:21.776 | INFO     | __main__:process_message:89 - Processed JSON message: {'message': 'JSON makes life easier.', 'author': 'Diana'}
2025-02-01 18:03:21.776 | INFO     | __main__:process_message:95 - Message received from author: Diana
2025-02-01 18:03:21.776 | INFO     | __main__:process_message:109 - Author(s) with the most messages (11 messages): Alice
2025-02-01 18:03:21.776 | INFO     | __main__:process_message:110 - Author(s) with the least messages (3 messages): Bob
2025-02-01 18:03:21.776 | INFO     | __main__:process_message:113 - Updated author counts: {'Charlie': 5, 'Eve': 9, 'Alice': 11, 'Diana': 9, 'Bob': 3}
2025-02-01 18:03:22.769 | INFO     | __main__:main:171 - Sent message to topic 'buzzline_json': {'message': 'Kafka is awesome.', 'author': 'Charlie'}
2025-02-01 18:03:22.777 | INFO     | __main__:process_message:89 - Processed JSON message: {'message': 'Kafka is awesome.', 'author': 'Charlie'}
2025-02-01 18:03:22.777 | INFO     | __main__:process_message:95 - Message received from author: Charlie
2025-02-01 18:03:22.778 | INFO     | __main__:process_message:109 - Author(s) with the most messages (11 messages): Alice
2025-02-01 18:03:22.778 | INFO     | __main__:process_message:110 - Author(s) with the least messages (3 messages): Bob
2025-02-01 18:03:22.778 | INFO     | __main__:process_message:113 - Updated author counts: {'Charlie': 6, 'Eve': 9, 'Alice': 11, 'Diana': 9, 'Bob': 3}
2025-02-01 18:03:23.770 | INFO     | __main__:main:171 - Sent message to topic 'buzzline_json': {'message': 'JSON makes life easier.', 'author': 'Bob'}
2025-02-01 18:03:23.779 | INFO     | __main__:process_message:89 - Processed JSON message: {'message': 'JSON makes life easier.', 'author': 'Bob'}
2025-02-01 18:03:23.779 | INFO     | __main__:process_message:95 - Message received from author: Bob
2025-02-01 18:03:23.779 | INFO     | __main__:process_message:109 - Author(s) with the most messages (11 messages): Alice
2025-02-01 18:03:23.779 | INFO     | __main__:process_message:110 - Author(s) with the least messages (4 messages): Bob
2025-02-01 18:03:23.779 | INFO     | __main__:process_message:113 - Updated author counts: {'Charlie': 6, 'Eve': 9, 'Alice': 11, 'Diana': 9, 'Bob': 4}
2025-02-01 18:03:24.771 | INFO     | __main__:main:171 - Sent message to topic 'buzzline_json': {'message': 'I love Python!', 'author': 'Bob'}
2025-02-01 18:03:24.780 | INFO     | __main__:process_message:89 - Processed JSON message: {'message': 'I love Python!', 'author': 'Bob'}
2025-02-01 18:03:24.780 | INFO     | __main__:process_message:95 - Message received from author: Bob
2025-02-01 18:03:24.780 | INFO     | __main__:process_message:109 - Author(s) with the most messages (11 messages): Alice
2025-02-01 18:03:24.780 | INFO     | __main__:process_message:110 - Author(s) with the least messages (5 messages): Bob
2025-02-01 18:03:24.780 | INFO     | __main__:process_message:113 - Updated author counts: {'Charlie': 6, 'Eve': 9, 'Alice': 11, 'Diana': 9, 'Bob': 5}
2025-02-01 18:03:25.772 | INFO     | __main__:main:171 - Sent message to topic 'buzzline_json': {'message': 'This is a buzz message.', 'author': 'Eve'}
2025-02-01 18:03:25.781 | INFO     | __main__:process_message:89 - Processed JSON message: {'message': 'This is a buzz message.', 'author': 'Eve'}
2025-02-01 18:03:25.781 | INFO     | __main__:process_message:95 - Message received from author: Eve
2025-02-01 18:03:25.781 | INFO     | __main__:process_message:109 - Author(s) with the most messages (11 messages): Alice
2025-02-01 18:03:25.781 | INFO     | __main__:process_message:110 - Author(s) with the least messages (5 messages): Bob
2025-02-01 18:03:25.782 | INFO     | __main__:process_message:113 - Updated author counts: {'Charlie': 6, 'Eve': 10, 'Alice': 11, 'Diana': 9, 'Bob': 5}
2025-02-01 18:03:26.774 | INFO     | __main__:main:171 - Sent message to topic 'buzzline_json': {'message': 'I love Python!', 'author': 'Eve'}
2025-02-01 18:03:26.782 | INFO     | __main__:process_message:89 - Processed JSON message: {'message': 'I love Python!', 'author': 'Eve'}
2025-02-01 18:03:26.783 | INFO     | __main__:process_message:95 - Message received from author: Eve
2025-02-01 18:03:26.783 | INFO     | __main__:process_message:109 - Author(s) with the most messages (11 messages): Eve, Alice
2025-02-01 18:03:26.783 | INFO     | __main__:process_message:110 - Author(s) with the least messages (5 messages): Bob
2025-02-01 18:03:26.783 | INFO     | __main__:process_message:113 - Updated author counts: {'Charlie': 6, 'Eve': 11, 'Alice': 11, 'Diana': 9, 'Bob': 5}
2025-02-01 18:03:27.775 | INFO     | __main__:main:171 - Sent message to topic 'buzzline_json': {'message': 'Buzz messages for everyone.', 'author': 'Alice'}
2025-02-01 18:03:27.783 | INFO     | __main__:process_message:89 - Processed JSON message: {'message': 'Buzz messages for everyone.', 'author': 'Alice'}
2025-02-01 18:03:27.784 | INFO     | __main__:process_message:95 - Message received from author: Alice
2025-02-01 18:03:27.784 | INFO     | __main__:process_message:109 - Author(s) with the most messages (12 messages): Alice
2025-02-01 18:03:27.784 | INFO     | __main__:process_message:110 - Author(s) with the least messages (5 messages): Bob
2025-02-01 18:03:27.784 | INFO     | __main__:process_message:113 - Updated author counts: {'Charlie': 6, 'Eve': 11, 'Alice': 12, 'Diana': 9, 'Bob': 5}
2025-02-01 18:03:28.776 | INFO     | __main__:main:171 - Sent message to topic 'buzzline_json': {'message': 'This is a buzz message.', 'author': 'Alice'}
2025-02-01 18:03:28.785 | INFO     | __main__:process_message:89 - Processed JSON message: {'message': 'This is a buzz message.', 'author': 'Alice'}
2025-02-01 18:03:28.785 | INFO     | __main__:process_message:95 - Message received from author: Alice
2025-02-01 18:03:28.785 | INFO     | __main__:process_message:109 - Author(s) with the most messages (13 messages): Alice
2025-02-01 18:03:28.785 | INFO     | __main__:process_message:110 - Author(s) with the least messages (5 messages): Bob
2025-02-01 18:03:28.785 | INFO     | __main__:process_message:113 - Updated author counts: {'Charlie': 6, 'Eve': 11, 'Alice': 13, 'Diana': 9, 'Bob': 5}
2025-02-01 18:03:29.777 | INFO     | __main__:main:171 - Sent message to topic 'buzzline_json': {'message': 'Data engineering is my passion.', 'author': 'Diana'}
2025-02-01 18:03:29.787 | INFO     | __main__:process_message:89 - Processed JSON message: {'message': 'Data engineering is my passion.', 'author': 'Diana'}
2025-02-01 18:03:29.787 | INFO     | __main__:process_message:95 - Message received from author: Diana
2025-02-01 18:03:29.787 | INFO     | __main__:process_message:109 - Author(s) with the most messages (13 messages): Alice
2025-02-01 18:03:29.787 | INFO     | __main__:process_message:110 - Author(s) with the least messages (5 messages): Bob
2025-02-01 18:03:29.787 | INFO     | __main__:process_message:113 - Updated author counts: {'Charlie': 6, 'Eve': 11, 'Alice': 13, 'Diana': 10, 'Bob': 5}
2025-02-01 18:03:30.778 | INFO     | __main__:main:171 - Sent message to topic 'buzzline_json': {'message': 'I love Python!', 'author': 'Eve'}
2025-02-01 18:03:30.787 | INFO     | __main__:process_message:89 - Processed JSON message: {'message': 'I love Python!', 'author': 'Eve'}
2025-02-01 18:03:30.787 | INFO     | __main__:process_message:95 - Message received from author: Eve
2025-02-01 18:03:30.787 | INFO     | __main__:process_message:109 - Author(s) with the most messages (13 messages): Alice
2025-02-01 18:03:30.787 | INFO     | __main__:process_message:110 - Author(s) with the least messages (5 messages): Bob
2025-02-01 18:03:30.787 | INFO     | __main__:process_message:113 - Updated author counts: {'Charlie': 6, 'Eve': 12, 'Alice': 13, 'Diana': 10, 'Bob': 5}
2025-02-01 18:03:31.779 | INFO     | __main__:main:171 - Sent message to topic 'buzzline_json': {'message': 'JSON makes life easier.', 'author': 'Charlie'}
2025-02-01 18:03:31.781 | INFO     | __main__:process_message:89 - Processed JSON message: {'message': 'JSON makes life easier.', 'author': 'Charlie'}
2025-02-01 18:03:31.782 | INFO     | __main__:process_message:95 - Message received from author: Charlie
2025-02-01 18:03:31.782 | INFO     | __main__:process_message:109 - Author(s) with the most messages (13 messages): Alice
2025-02-01 18:03:31.782 | INFO     | __main__:process_message:110 - Author(s) with the least messages (5 messages): Bob
2025-02-01 18:03:31.782 | INFO     | __main__:process_message:113 - Updated author counts: {'Charlie': 7, 'Eve': 12, 'Alice': 13, 'Diana': 10, 'Bob': 5}
2025-02-01 18:03:32.780 | INFO     | __main__:main:171 - Sent message to topic 'buzzline_json': {'message': 'Have a great day!', 'author': 'Bob'}
2025-02-01 18:03:32.782 | INFO     | __main__:process_message:89 - Processed JSON message: {'message': 'Have a great day!', 'author': 'Bob'}
2025-02-01 18:03:32.783 | INFO     | __main__:process_message:95 - Message received from author: Bob
2025-02-01 18:03:32.783 | INFO     | __main__:process_message:109 - Author(s) with the most messages (13 messages): Alice
2025-02-01 18:03:32.783 | INFO     | __main__:process_message:110 - Author(s) with the least messages (6 messages): Bob
2025-02-01 18:03:32.783 | INFO     | __main__:process_message:113 - Updated author counts: {'Charlie': 7, 'Eve': 12, 'Alice': 13, 'Diana': 10, 'Bob': 6}
2025-02-01 18:03:33.781 | INFO     | __main__:main:171 - Sent message to topic 'buzzline_json': {'message': 'Data engineering is my passion.', 'author': 'Alice'}
2025-02-01 18:03:33.784 | INFO     | __main__:process_message:89 - Processed JSON message: {'message': 'Data engineering is my passion.', 'author': 'Alice'}
2025-02-01 18:03:33.784 | INFO     | __main__:process_message:95 - Message received from author: Alice
2025-02-01 18:03:33.784 | INFO     | __main__:process_message:109 - Author(s) with the most messages (14 messages): Alice
2025-02-01 18:03:33.784 | INFO     | __main__:process_message:110 - Author(s) with the least messages (6 messages): Bob
2025-02-01 18:03:33.784 | INFO     | __main__:process_message:113 - Updated author counts: {'Charlie': 7, 'Eve': 12, 'Alice': 14, 'Diana': 10, 'Bob': 6}
2025-02-01 18:03:34.782 | INFO     | __main__:main:171 - Sent message to topic 'buzzline_json': {'message': 'Kafka is awesome.', 'author': 'Diana'}
2025-02-01 18:03:34.785 | INFO     | __main__:process_message:89 - Processed JSON message: {'message': 'Kafka is awesome.', 'author': 'Diana'}
2025-02-01 18:03:34.785 | INFO     | __main__:process_message:95 - Message received from author: Diana
2025-02-01 18:03:34.785 | INFO     | __main__:process_message:109 - Author(s) with the most messages (14 messages): Alice
2025-02-01 18:03:34.785 | INFO     | __main__:process_message:110 - Author(s) with the least messages (6 messages): Bob
2025-02-01 18:03:34.785 | INFO     | __main__:process_message:113 - Updated author counts: {'Charlie': 7, 'Eve': 12, 'Alice': 14, 'Diana': 11, 'Bob': 6}
2025-02-01 18:03:35.783 | INFO     | __main__:main:171 - Sent message to topic 'buzzline_json': {'message': 'Kafka is awesome.', 'author': 'Diana'}
2025-02-01 18:03:35.786 | INFO     | __main__:process_message:89 - Processed JSON message: {'message': 'Kafka is awesome.', 'author': 'Diana'}
2025-02-01 18:03:35.786 | INFO     | __main__:process_message:95 - Message received from author: Diana
2025-02-01 18:03:35.786 | INFO     | __main__:process_message:109 - Author(s) with the most messages (14 messages): Alice
2025-02-01 18:03:35.786 | INFO     | __main__:process_message:110 - Author(s) with the least messages (6 messages): Bob
2025-02-01 18:03:35.786 | INFO     | __main__:process_message:113 - Updated author counts: {'Charlie': 7, 'Eve': 12, 'Alice': 14, 'Diana': 12, 'Bob': 6}
2025-02-01 18:03:36.784 | INFO     | __main__:main:171 - Sent message to topic 'buzzline_json': {'message': 'Hello, Kafka world!', 'author': 'Bob'}
2025-02-01 18:03:36.787 | INFO     | __main__:process_message:89 - Processed JSON message: {'message': 'Hello, Kafka world!', 'author': 'Bob'}
2025-02-01 18:03:36.787 | INFO     | __main__:process_message:95 - Message received from author: Bob
2025-02-01 18:03:36.788 | INFO     | __main__:process_message:109 - Author(s) with the most messages (14 messages): Alice
2025-02-01 18:03:36.788 | INFO     | __main__:process_message:110 - Author(s) with the least messages (7 messages): Charlie, Bob
2025-02-01 18:03:36.788 | INFO     | __main__:process_message:113 - Updated author counts: {'Charlie': 7, 'Eve': 12, 'Alice': 14, 'Diana': 12, 'Bob': 7}
2025-02-01 18:03:37.785 | INFO     | __main__:main:171 - Sent message to topic 'buzzline_json': {'message': 'Distributed systems are fascinating.', 'author': 'Diana'}
2025-02-01 18:03:37.788 | INFO     | __main__:process_message:89 - Processed JSON message: {'message': 'Distributed systems are fascinating.', 'author': 'Diana'}
2025-02-01 18:03:37.789 | INFO     | __main__:process_message:95 - Message received from author: Diana
2025-02-01 18:03:37.789 | INFO     | __main__:process_message:109 - Author(s) with the most messages (14 messages): Alice
2025-02-01 18:03:37.789 | INFO     | __main__:process_message:110 - Author(s) with the least messages (7 messages): Charlie, Bob
2025-02-01 18:03:37.789 | INFO     | __main__:process_message:113 - Updated author counts: {'Charlie': 7, 'Eve': 12, 'Alice': 14, 'Diana': 13, 'Bob': 7}
2025-02-01 18:03:38.786 | INFO     | __main__:main:171 - Sent message to topic 'buzzline_json': {'message': 'I love Python!', 'author': 'Diana'}
2025-02-01 18:03:38.790 | INFO     | __main__:process_message:89 - Processed JSON message: {'message': 'I love Python!', 'author': 'Diana'}
2025-02-01 18:03:38.790 | INFO     | __main__:process_message:95 - Message received from author: Diana
2025-02-01 18:03:38.790 | INFO     | __main__:process_message:109 - Author(s) with the most messages (14 messages): Alice, Diana
2025-02-01 18:03:38.790 | INFO     | __main__:process_message:110 - Author(s) with the least messages (7 messages): Charlie, Bob
2025-02-01 18:03:38.790 | INFO     | __main__:process_message:113 - Updated author counts: {'Charlie': 7, 'Eve': 12, 'Alice': 14, 'Diana': 14, 'Bob': 7}
2025-02-01 18:03:39.786 | INFO     | __main__:main:171 - Sent message to topic 'buzzline_json': {'message': 'Have a great day!', 'author': 'Alice'}
2025-02-01 18:03:39.790 | INFO     | __main__:process_message:89 - Processed JSON message: {'message': 'Have a great day!', 'author': 'Alice'}
2025-02-01 18:03:39.790 | INFO     | __main__:process_message:95 - Message received from author: Alice
2025-02-01 18:03:39.791 | INFO     | __main__:process_message:109 - Author(s) with the most messages (15 messages): Alice
2025-02-01 18:03:39.791 | INFO     | __main__:process_message:110 - Author(s) with the least messages (7 messages): Charlie, Bob
2025-02-01 18:03:39.791 | INFO     | __main__:process_message:113 - Updated author counts: {'Charlie': 7, 'Eve': 12, 'Alice': 15, 'Diana': 14, 'Bob': 7}
2025-02-01 18:03:40.788 | INFO     | __main__:main:171 - Sent message to topic 'buzzline_json': {'message': 'Hello, Kafka world!', 'author': 'Charlie'}
2025-02-01 18:03:40.792 | INFO     | __main__:process_message:89 - Processed JSON message: {'message': 'Hello, Kafka world!', 'author': 'Charlie'}
2025-02-01 18:03:40.793 | INFO     | __main__:process_message:95 - Message received from author: Charlie
2025-02-01 18:03:40.793 | INFO     | __main__:process_message:109 - Author(s) with the most messages (15 messages): Alice
2025-02-01 18:03:40.793 | INFO     | __main__:process_message:110 - Author(s) with the least messages (7 messages): Bob
2025-02-01 18:03:40.793 | INFO     | __main__:process_message:113 - Updated author counts: {'Charlie': 8, 'Eve': 12, 'Alice': 15, 'Diana': 14, 'Bob': 7}
2025-02-01 18:03:41.789 | INFO     | __main__:main:171 - Sent message to topic 'buzzline_json': {'message': 'JSON makes life easier.', 'author': 'Diana'}
2025-02-01 18:03:41.793 | INFO     | __main__:process_message:89 - Processed JSON message: {'message': 'JSON makes life easier.', 'author': 'Diana'}
2025-02-01 18:03:41.794 | INFO     | __main__:process_message:95 - Message received from author: Diana
2025-02-01 18:03:41.794 | INFO     | __main__:process_message:109 - Author(s) with the most messages (15 messages): Alice, Diana
2025-02-01 18:03:41.794 | INFO     | __main__:process_message:110 - Author(s) with the least messages (7 messages): Bob
2025-02-01 18:03:41.794 | INFO     | __main__:process_message:113 - Updated author counts: {'Charlie': 8, 'Eve': 12, 'Alice': 15, 'Diana': 15, 'Bob': 7}
2025-02-01 18:03:42.790 | INFO     | __main__:main:171 - Sent message to topic 'buzzline_json': {'message': 'I love Python!', 'author': 'Bob'}
2025-02-01 18:03:42.795 | INFO     | __main__:process_message:89 - Processed JSON message: {'message': 'I love Python!', 'author': 'Bob'}
2025-02-01 18:03:42.795 | INFO     | __main__:process_message:95 - Message received from author: Bob
2025-02-01 18:03:42.795 | INFO     | __main__:process_message:109 - Author(s) with the most messages (15 messages): Alice, Diana
2025-02-01 18:03:42.795 | INFO     | __main__:process_message:110 - Author(s) with the least messages (8 messages): Charlie, Bob
2025-02-01 18:03:42.795 | INFO     | __main__:process_message:113 - Updated author counts: {'Charlie': 8, 'Eve': 12, 'Alice': 15, 'Diana': 15, 'Bob': 8}
2025-02-01 18:03:43.791 | INFO     | __main__:main:171 - Sent message to topic 'buzzline_json': {'message': 'Have a great day!', 'author': 'Diana'}
2025-02-01 18:03:43.796 | INFO     | __main__:process_message:89 - Processed JSON message: {'message': 'Have a great day!', 'author': 'Diana'}
2025-02-01 18:03:43.796 | INFO     | __main__:process_message:95 - Message received from author: Diana
2025-02-01 18:03:43.796 | INFO     | __main__:process_message:109 - Author(s) with the most messages (16 messages): Diana
2025-02-01 18:03:43.796 | INFO     | __main__:process_message:110 - Author(s) with the least messages (8 messages): Charlie, Bob
2025-02-01 18:03:43.796 | INFO     | __main__:process_message:113 - Updated author counts: {'Charlie': 8, 'Eve': 12, 'Alice': 15, 'Diana': 16, 'Bob': 8}
2025-02-01 18:03:44.792 | INFO     | __main__:main:171 - Sent message to topic 'buzzline_json': {'message': 'Hello, Kafka world!', 'author': 'Alice'}
2025-02-01 18:03:44.797 | INFO     | __main__:process_message:89 - Processed JSON message: {'message': 'Hello, Kafka world!', 'author': 'Alice'}
2025-02-01 18:03:44.797 | INFO     | __main__:process_message:95 - Message received from author: Alice
2025-02-01 18:03:44.797 | INFO     | __main__:process_message:109 - Author(s) with the most messages (16 messages): Alice, Diana
2025-02-01 18:03:44.798 | INFO     | __main__:process_message:110 - Author(s) with the least messages (8 messages): Charlie, Bob
2025-02-01 18:03:44.798 | INFO     | __main__:process_message:113 - Updated author counts: {'Charlie': 8, 'Eve': 12, 'Alice': 16, 'Diana': 16, 'Bob': 8}
2025-02-01 18:03:45.793 | INFO     | __main__:main:171 - Sent message to topic 'buzzline_json': {'message': 'JSON makes life easier.', 'author': 'Alice'}
2025-02-01 18:03:45.798 | INFO     | __main__:process_message:89 - Processed JSON message: {'message': 'JSON makes life easier.', 'author': 'Alice'}
2025-02-01 18:03:45.798 | INFO     | __main__:process_message:95 - Message received from author: Alice
2025-02-01 18:03:45.799 | INFO     | __main__:process_message:109 - Author(s) with the most messages (17 messages): Alice
2025-02-01 18:03:45.799 | INFO     | __main__:process_message:110 - Author(s) with the least messages (8 messages): Charlie, Bob
2025-02-01 18:03:45.799 | INFO     | __main__:process_message:113 - Updated author counts: {'Charlie': 8, 'Eve': 12, 'Alice': 17, 'Diana': 16, 'Bob': 8}
2025-02-01 18:03:46.795 | INFO     | __main__:main:171 - Sent message to topic 'buzzline_json': {'message': 'Buzz messages for everyone.', 'author': 'Charlie'}
2025-02-01 18:03:46.801 | INFO     | __main__:process_message:89 - Processed JSON message: {'message': 'Buzz messages for everyone.', 'author': 'Charlie'}
2025-02-01 18:03:46.801 | INFO     | __main__:process_message:95 - Message received from author: Charlie
2025-02-01 18:03:46.801 | INFO     | __main__:process_message:109 - Author(s) with the most messages (17 messages): Alice
2025-02-01 18:03:46.802 | INFO     | __main__:process_message:110 - Author(s) with the least messages (8 messages): Bob
2025-02-01 18:03:46.802 | INFO     | __main__:process_message:113 - Updated author counts: {'Charlie': 9, 'Eve': 12, 'Alice': 17, 'Diana': 16, 'Bob': 8}
2025-02-01 18:03:47.796 | INFO     | __main__:main:171 - Sent message to topic 'buzzline_json': {'message': 'Buzz messages for everyone.', 'author': 'Bob'}
2025-02-01 18:03:47.802 | INFO     | __main__:process_message:89 - Processed JSON message: {'message': 'Buzz messages for everyone.', 'author': 'Bob'}
2025-02-01 18:03:47.802 | INFO     | __main__:process_message:95 - Message received from author: Bob
2025-02-01 18:03:47.802 | INFO     | __main__:process_message:109 - Author(s) with the most messages (17 messages): Alice
2025-02-01 18:03:47.802 | INFO     | __main__:process_message:110 - Author(s) with the least messages (9 messages): Charlie, Bob
2025-02-01 18:03:47.802 | INFO     | __main__:process_message:113 - Updated author counts: {'Charlie': 9, 'Eve': 12, 'Alice': 17, 'Diana': 16, 'Bob': 9}
2025-02-01 18:03:48.797 | INFO     | __main__:main:171 - Sent message to topic 'buzzline_json': {'message': 'Streaming data is fun.', 'author': 'Diana'}
2025-02-01 18:03:48.803 | INFO     | __main__:process_message:89 - Processed JSON message: {'message': 'Streaming data is fun.', 'author': 'Diana'}
2025-02-01 18:03:48.803 | INFO     | __main__:process_message:95 - Message received from author: Diana
2025-02-01 18:03:48.803 | INFO     | __main__:process_message:109 - Author(s) with the most messages (17 messages): Alice, Diana
2025-02-01 18:03:48.803 | INFO     | __main__:process_message:110 - Author(s) with the least messages (9 messages): Charlie, Bob
2025-02-01 18:03:48.803 | INFO     | __main__:process_message:113 - Updated author counts: {'Charlie': 9, 'Eve': 12, 'Alice': 17, 'Diana': 17, 'Bob': 9}
2025-02-01 18:03:49.798 | INFO     | __main__:main:171 - Sent message to topic 'buzzline_json': {'message': 'Have a great day!', 'author': 'Diana'}
2025-02-01 18:03:49.804 | INFO     | __main__:process_message:89 - Processed JSON message: {'message': 'Have a great day!', 'author': 'Diana'}
2025-02-01 18:03:49.804 | INFO     | __main__:process_message:95 - Message received from author: Diana
2025-02-01 18:03:49.804 | INFO     | __main__:process_message:109 - Author(s) with the most messages (18 messages): Diana
2025-02-01 18:03:49.805 | INFO     | __main__:process_message:110 - Author(s) with the least messages (9 messages): Charlie, Bob
2025-02-01 18:03:49.805 | INFO     | __main__:process_message:113 - Updated author counts: {'Charlie': 9, 'Eve': 12, 'Alice': 17, 'Diana': 18, 'Bob': 9}
2025-02-01 18:03:50.799 | INFO     | __main__:main:171 - Sent message to topic 'buzzline_json': {'message': 'I love Python!', 'author': 'Alice'}
2025-02-01 18:03:50.805 | INFO     | __main__:process_message:89 - Processed JSON message: {'message': 'I love Python!', 'author': 'Alice'}
2025-02-01 18:03:50.805 | INFO     | __main__:process_message:95 - Message received from author: Alice
2025-02-01 18:03:50.805 | INFO     | __main__:process_message:109 - Author(s) with the most messages (18 messages): Alice, Diana
2025-02-01 18:03:50.805 | INFO     | __main__:process_message:110 - Author(s) with the least messages (9 messages): Charlie, Bob
2025-02-01 18:03:50.806 | INFO     | __main__:process_message:113 - Updated author counts: {'Charlie': 9, 'Eve': 12, 'Alice': 18, 'Diana': 18, 'Bob': 9}
2025-02-01 18:03:51.007 | WARNING  | __main__:main:174 - Producer interrupted by user.
2025-02-01 18:03:51.008 | INFO     | __main__:main:179 - Kafka producer closed.
2025-02-01 18:03:51.008 | INFO     | __main__:main:181 - END producer.
2025-02-01 18:03:52.266 | WARNING  | __main__:main:154 - Consumer interrupted by user.
2025-02-01 18:03:52.270 | INFO     | __main__:main:159 - Kafka consumer for topic 'buzzline_json' closed.
2025-02-01 18:03:52.270 | INFO     | __main__:main:161 - END consumer for topic 'buzzline_json' and group 'buzz_group'.
2025-02-01 18:05:45.535 | INFO     | utils.utils_logger:<module>:38 - Logging to file: logs\project_log.log
2025-02-01 18:05:45.536 | INFO     | __main__:<module>:66 - Project root: C:\Users\scmil\Documents\Data_Analytics\Data_Streaming\buzzline-03-miller
2025-02-01 18:05:45.536 | INFO     | __main__:<module>:70 - Data folder: C:\Users\scmil\Documents\Data_Analytics\Data_Streaming\buzzline-03-miller\data
2025-02-01 18:05:45.537 | INFO     | __main__:<module>:74 - Data file: C:\Users\scmil\Documents\Data_Analytics\Data_Streaming\buzzline-03-miller\data\smoker_temps.csv
2025-02-01 18:05:45.537 | INFO     | __main__:main:134 - START producer.
2025-02-01 18:05:45.537 | INFO     | utils.utils_producer:get_zookeeper_address:57 - Zookeeper address: localhost:2181
2025-02-01 18:05:45.541 | INFO     | utils.utils_producer:check_zookeeper_service_is_ready:79 - Zookeeper is ready at localhost:2181.
2025-02-01 18:05:45.541 | INFO     | utils.utils_producer:get_kafka_broker_address:50 - Kafka broker address: localhost:9092
2025-02-01 18:05:45.850 | INFO     | utils.utils_producer:check_kafka_service_is_ready:98 - Kafka is ready. Brokers: {'throttle_time_ms': 0, 'brokers': [{'node_id': 1001, 'host': 'localhost', 'port': 9092, 'rack': None}], 'cluster_id': 'b_YEc9_mSjyM5tN5MA9yMQ', 'controller_id': 1001}
2025-02-01 18:05:45.850 | INFO     | __main__:get_kafka_topic:48 - Kafka topic: smoker_csv
2025-02-01 18:05:45.850 | INFO     | __main__:get_message_interval:55 - Message interval: 5 seconds
2025-02-01 18:05:45.851 | INFO     | utils.utils_producer:get_kafka_broker_address:50 - Kafka broker address: localhost:9092
2025-02-01 18:05:45.851 | INFO     | utils.utils_producer:create_kafka_producer:146 - Connecting to Kafka broker at localhost:9092...
2025-02-01 18:05:45.955 | INFO     | utils.utils_producer:create_kafka_producer:151 - Kafka producer successfully created.
2025-02-01 18:05:45.955 | INFO     | utils.utils_producer:get_kafka_broker_address:50 - Kafka broker address: localhost:9092
2025-02-01 18:05:46.264 | INFO     | utils.utils_producer:create_kafka_topic:172 - Topic 'smoker_csv' already exists. Clearing it out...
2025-02-01 18:05:46.264 | INFO     | utils.utils_producer:get_kafka_broker_address:50 - Kafka broker address: localhost:9092
2025-02-01 18:05:46.575 | ERROR    | utils.utils_producer:clear_kafka_topic:235 - Error managing retention for topic 'smoker_csv': list indices must be integers or slices, not ConfigResource
2025-02-01 18:05:46.576 | INFO     | __main__:main:157 - Kafka topic 'smoker_csv' is ready.
2025-02-01 18:05:46.576 | INFO     | __main__:main:163 - Starting message production to topic 'smoker_csv'...
2025-02-01 18:05:46.576 | INFO     | __main__:generate_messages:93 - Opening data file in read mode: C:\Users\scmil\Documents\Data_Analytics\Data_Streaming\buzzline-03-miller\data\smoker_temps.csv
2025-02-01 18:05:46.583 | INFO     | __main__:generate_messages:95 - Reading data from file: C:\Users\scmil\Documents\Data_Analytics\Data_Streaming\buzzline-03-miller\data\smoker_temps.csv
2025-02-01 18:05:46.584 | INFO     | __main__:main:167 - Sent message to topic 'smoker_csv': {'timestamp': '2025-02-02T00:05:46.584392', 'temperature': 70.4}
2025-02-01 18:05:51.585 | INFO     | __main__:main:167 - Sent message to topic 'smoker_csv': {'timestamp': '2025-02-02T00:05:51.585611', 'temperature': 70.8}
2025-02-01 18:05:53.271 | INFO     | utils.utils_logger:<module>:38 - Logging to file: logs\project_log.log
2025-02-01 18:05:53.273 | INFO     | __main__:main:162 - START consumer.
2025-02-01 18:05:53.273 | INFO     | __main__:get_kafka_topic:46 - Kafka topic: smoker_csv
2025-02-01 18:05:53.273 | INFO     | __main__:get_kafka_consumer_group_id:53 - Kafka consumer group id: smoker_group
2025-02-01 18:05:53.273 | INFO     | __main__:get_rolling_window_size:67 - Rolling window size: 10
2025-02-01 18:05:53.273 | INFO     | __main__:main:168 - Consumer: Topic 'smoker_csv' and group 'smoker_group'...
2025-02-01 18:05:53.274 | INFO     | __main__:main:169 - Rolling window size: 10
2025-02-01 18:05:53.274 | INFO     | utils.utils_producer:get_kafka_broker_address:50 - Kafka broker address: localhost:9092
2025-02-01 18:05:53.274 | INFO     | utils.utils_consumer:create_kafka_consumer:44 - Creating Kafka consumer. Topic='smoker_csv' and group ID='smoker_group'.
2025-02-01 18:05:53.381 | INFO     | utils.utils_consumer:create_kafka_consumer:59 - Kafka consumer created successfully.
2025-02-01 18:05:53.381 | INFO     | __main__:main:177 - Polling messages from topic 'smoker_csv'...
2025-02-01 18:05:53.696 | INFO     | __main__:process_message:127 - Processed JSON message: {'timestamp': '2025-02-02T00:05:46.584392', 'temperature': 70.4}
2025-02-01 18:05:53.696 | INFO     | __main__:get_rolling_window_size:67 - Rolling window size: 10
2025-02-01 18:05:53.696 | INFO     | __main__:process_message:127 - Processed JSON message: {'timestamp': '2025-02-02T00:05:51.585611', 'temperature': 70.8}
2025-02-01 18:05:53.696 | INFO     | __main__:get_rolling_window_size:67 - Rolling window size: 10
2025-02-01 18:05:56.586 | INFO     | __main__:main:167 - Sent message to topic 'smoker_csv': {'timestamp': '2025-02-02T00:05:56.586684', 'temperature': 71.2}
2025-02-01 18:05:56.593 | INFO     | __main__:process_message:127 - Processed JSON message: {'timestamp': '2025-02-02T00:05:56.586684', 'temperature': 71.2}
2025-02-01 18:05:56.593 | INFO     | __main__:get_rolling_window_size:67 - Rolling window size: 10
2025-02-01 18:06:01.588 | INFO     | __main__:main:167 - Sent message to topic 'smoker_csv': {'timestamp': '2025-02-02T00:06:01.588010', 'temperature': 71.6}
2025-02-01 18:06:01.595 | INFO     | __main__:process_message:127 - Processed JSON message: {'timestamp': '2025-02-02T00:06:01.588010', 'temperature': 71.6}
2025-02-01 18:06:01.595 | INFO     | __main__:get_rolling_window_size:67 - Rolling window size: 10
2025-02-01 18:06:06.589 | INFO     | __main__:main:167 - Sent message to topic 'smoker_csv': {'timestamp': '2025-02-02T00:06:06.589404', 'temperature': 72.0}
2025-02-01 18:06:06.596 | INFO     | __main__:process_message:127 - Processed JSON message: {'timestamp': '2025-02-02T00:06:06.589404', 'temperature': 72.0}
2025-02-01 18:06:06.596 | INFO     | __main__:get_rolling_window_size:67 - Rolling window size: 10
2025-02-01 18:06:11.590 | INFO     | __main__:main:167 - Sent message to topic 'smoker_csv': {'timestamp': '2025-02-02T00:06:11.590736', 'temperature': 72.4}
2025-02-01 18:06:11.598 | INFO     | __main__:process_message:127 - Processed JSON message: {'timestamp': '2025-02-02T00:06:11.590736', 'temperature': 72.4}
2025-02-01 18:06:11.598 | INFO     | __main__:get_rolling_window_size:67 - Rolling window size: 10
2025-02-01 18:06:16.592 | INFO     | __main__:main:167 - Sent message to topic 'smoker_csv': {'timestamp': '2025-02-02T00:06:16.591922', 'temperature': 72.8}
2025-02-01 18:06:16.599 | INFO     | __main__:process_message:127 - Processed JSON message: {'timestamp': '2025-02-02T00:06:16.591922', 'temperature': 72.8}
2025-02-01 18:06:16.599 | INFO     | __main__:get_rolling_window_size:67 - Rolling window size: 10
2025-02-01 18:06:21.593 | INFO     | __main__:main:167 - Sent message to topic 'smoker_csv': {'timestamp': '2025-02-02T00:06:21.593103', 'temperature': 73.2}
2025-02-01 18:06:21.601 | INFO     | __main__:process_message:127 - Processed JSON message: {'timestamp': '2025-02-02T00:06:21.593103', 'temperature': 73.2}
2025-02-01 18:06:21.601 | INFO     | __main__:get_rolling_window_size:67 - Rolling window size: 10
2025-02-01 18:06:26.594 | INFO     | __main__:main:167 - Sent message to topic 'smoker_csv': {'timestamp': '2025-02-02T00:06:26.594664', 'temperature': 73.6}
2025-02-01 18:06:26.602 | INFO     | __main__:process_message:127 - Processed JSON message: {'timestamp': '2025-02-02T00:06:26.594664', 'temperature': 73.6}
2025-02-01 18:06:26.602 | INFO     | __main__:get_rolling_window_size:67 - Rolling window size: 10
2025-02-01 18:06:31.595 | INFO     | __main__:main:167 - Sent message to topic 'smoker_csv': {'timestamp': '2025-02-02T00:06:31.595967', 'temperature': 74.0}
2025-02-01 18:06:31.605 | INFO     | __main__:process_message:127 - Processed JSON message: {'timestamp': '2025-02-02T00:06:31.595967', 'temperature': 74.0}
2025-02-01 18:06:31.605 | INFO     | __main__:get_rolling_window_size:67 - Rolling window size: 10
2025-02-01 18:06:31.606 | INFO     | __main__:get_stall_threshold:60 - Max stall temperature range: 0.2 F
2025-02-01 18:06:36.597 | INFO     | __main__:main:167 - Sent message to topic 'smoker_csv': {'timestamp': '2025-02-02T00:06:36.597437', 'temperature': 74.4}
2025-02-01 18:06:36.605 | INFO     | __main__:process_message:127 - Processed JSON message: {'timestamp': '2025-02-02T00:06:36.597437', 'temperature': 74.4}
2025-02-01 18:06:36.605 | INFO     | __main__:get_rolling_window_size:67 - Rolling window size: 10
2025-02-01 18:06:36.605 | INFO     | __main__:get_stall_threshold:60 - Max stall temperature range: 0.2 F
2025-02-01 18:06:41.598 | INFO     | __main__:main:167 - Sent message to topic 'smoker_csv': {'timestamp': '2025-02-02T00:06:41.598439', 'temperature': 74.8}
2025-02-01 18:06:41.607 | INFO     | __main__:process_message:127 - Processed JSON message: {'timestamp': '2025-02-02T00:06:41.598439', 'temperature': 74.8}
2025-02-01 18:06:41.607 | INFO     | __main__:get_rolling_window_size:67 - Rolling window size: 10
2025-02-01 18:06:41.607 | INFO     | __main__:get_stall_threshold:60 - Max stall temperature range: 0.2 F
2025-02-01 18:06:46.599 | INFO     | __main__:main:167 - Sent message to topic 'smoker_csv': {'timestamp': '2025-02-02T00:06:46.599417', 'temperature': 75.2}
2025-02-01 18:06:46.608 | INFO     | __main__:process_message:127 - Processed JSON message: {'timestamp': '2025-02-02T00:06:46.599417', 'temperature': 75.2}
2025-02-01 18:06:46.608 | INFO     | __main__:get_rolling_window_size:67 - Rolling window size: 10
2025-02-01 18:06:46.608 | INFO     | __main__:get_stall_threshold:60 - Max stall temperature range: 0.2 F
2025-02-01 18:06:51.600 | INFO     | __main__:main:167 - Sent message to topic 'smoker_csv': {'timestamp': '2025-02-02T00:06:51.600332', 'temperature': 75.6}
2025-02-01 18:06:51.609 | INFO     | __main__:process_message:127 - Processed JSON message: {'timestamp': '2025-02-02T00:06:51.600332', 'temperature': 75.6}
2025-02-01 18:06:51.609 | INFO     | __main__:get_rolling_window_size:67 - Rolling window size: 10
2025-02-01 18:06:51.610 | INFO     | __main__:get_stall_threshold:60 - Max stall temperature range: 0.2 F
2025-02-01 18:06:56.601 | INFO     | __main__:main:167 - Sent message to topic 'smoker_csv': {'timestamp': '2025-02-02T00:06:56.601533', 'temperature': 76.0}
2025-02-01 18:06:56.611 | INFO     | __main__:process_message:127 - Processed JSON message: {'timestamp': '2025-02-02T00:06:56.601533', 'temperature': 76.0}
2025-02-01 18:06:56.611 | INFO     | __main__:get_rolling_window_size:67 - Rolling window size: 10
2025-02-01 18:06:56.611 | INFO     | __main__:get_stall_threshold:60 - Max stall temperature range: 0.2 F
2025-02-01 18:06:59.876 | WARNING  | __main__:main:170 - Producer interrupted by user.
2025-02-01 18:06:59.877 | INFO     | __main__:main:175 - Kafka producer closed.
2025-02-01 18:06:59.877 | INFO     | __main__:main:177 - END producer.
2025-02-01 18:07:01.476 | WARNING  | __main__:main:184 - Consumer interrupted by user.
2025-02-01 18:07:01.479 | INFO     | __main__:main:189 - Kafka consumer for topic 'smoker_csv' closed.
2025-02-01 18:16:47.074 | INFO     | utils.utils_logger:<module>:38 - Logging to file: logs\project_log.log
2025-02-01 18:16:47.076 | INFO     | __main__:<module>:66 - Project root: C:\Users\scmil\Documents\Data_Analytics\Data_Streaming\buzzline-03-miller
2025-02-01 18:16:47.076 | INFO     | __main__:<module>:70 - Data folder: C:\Users\scmil\Documents\Data_Analytics\Data_Streaming\buzzline-03-miller\data
2025-02-01 18:16:47.076 | INFO     | __main__:<module>:74 - Data file: C:\Users\scmil\Documents\Data_Analytics\Data_Streaming\buzzline-03-miller\data\smoker_temps.csv
2025-02-01 18:16:47.076 | INFO     | __main__:main:134 - START producer.
2025-02-01 18:16:47.076 | INFO     | utils.utils_producer:get_zookeeper_address:57 - Zookeeper address: localhost:2181
2025-02-01 18:16:47.080 | INFO     | utils.utils_producer:check_zookeeper_service_is_ready:79 - Zookeeper is ready at localhost:2181.
2025-02-01 18:16:47.080 | INFO     | utils.utils_producer:get_kafka_broker_address:50 - Kafka broker address: localhost:9092
2025-02-01 18:16:47.391 | INFO     | utils.utils_producer:check_kafka_service_is_ready:98 - Kafka is ready. Brokers: {'throttle_time_ms': 0, 'brokers': [{'node_id': 1001, 'host': 'localhost', 'port': 9092, 'rack': None}], 'cluster_id': 'b_YEc9_mSjyM5tN5MA9yMQ', 'controller_id': 1001}
2025-02-01 18:16:47.391 | INFO     | __main__:get_kafka_topic:48 - Kafka topic: smoker_csv
2025-02-01 18:16:47.391 | INFO     | __main__:get_message_interval:55 - Message interval: 5 seconds
2025-02-01 18:16:47.392 | INFO     | utils.utils_producer:get_kafka_broker_address:50 - Kafka broker address: localhost:9092
2025-02-01 18:16:47.392 | INFO     | utils.utils_producer:create_kafka_producer:146 - Connecting to Kafka broker at localhost:9092...
2025-02-01 18:16:47.496 | INFO     | utils.utils_producer:create_kafka_producer:151 - Kafka producer successfully created.
2025-02-01 18:16:47.496 | INFO     | utils.utils_producer:get_kafka_broker_address:50 - Kafka broker address: localhost:9092
2025-02-01 18:16:47.806 | INFO     | utils.utils_producer:create_kafka_topic:172 - Topic 'smoker_csv' already exists. Clearing it out...
2025-02-01 18:16:47.806 | INFO     | utils.utils_producer:get_kafka_broker_address:50 - Kafka broker address: localhost:9092
2025-02-01 18:16:48.118 | ERROR    | utils.utils_producer:clear_kafka_topic:235 - Error managing retention for topic 'smoker_csv': list indices must be integers or slices, not ConfigResource
2025-02-01 18:16:48.118 | INFO     | __main__:main:157 - Kafka topic 'smoker_csv' is ready.
2025-02-01 18:16:48.119 | INFO     | __main__:main:163 - Starting message production to topic 'smoker_csv'...
2025-02-01 18:16:48.119 | INFO     | __main__:generate_messages:93 - Opening data file in read mode: C:\Users\scmil\Documents\Data_Analytics\Data_Streaming\buzzline-03-miller\data\smoker_temps.csv
2025-02-01 18:16:48.119 | INFO     | __main__:generate_messages:95 - Reading data from file: C:\Users\scmil\Documents\Data_Analytics\Data_Streaming\buzzline-03-miller\data\smoker_temps.csv
2025-02-01 18:16:48.120 | ERROR    | __main__:generate_messages:116 - Unexpected error in message generation: type object 'datetime.datetime' has no attribute 'datetime'
2025-02-01 18:16:48.120 | INFO     | __main__:main:175 - Kafka producer closed.
2025-02-01 18:16:49.427 | INFO     | utils.utils_logger:<module>:38 - Logging to file: logs\project_log.log
2025-02-01 18:16:49.429 | INFO     | __main__:main:162 - START consumer.
2025-02-01 18:16:49.430 | INFO     | __main__:get_kafka_topic:46 - Kafka topic: smoker_csv
2025-02-01 18:16:49.430 | INFO     | __main__:get_kafka_consumer_group_id:53 - Kafka consumer group id: smoker_group
2025-02-01 18:16:49.430 | INFO     | __main__:get_rolling_window_size:67 - Rolling window size: 10
2025-02-01 18:16:49.430 | INFO     | __main__:main:168 - Consumer: Topic 'smoker_csv' and group 'smoker_group'...
2025-02-01 18:16:49.430 | INFO     | __main__:main:169 - Rolling window size: 10
2025-02-01 18:16:49.430 | INFO     | utils.utils_producer:get_kafka_broker_address:50 - Kafka broker address: localhost:9092
2025-02-01 18:16:49.430 | INFO     | utils.utils_consumer:create_kafka_consumer:44 - Creating Kafka consumer. Topic='smoker_csv' and group ID='smoker_group'.
2025-02-01 18:16:49.537 | INFO     | utils.utils_consumer:create_kafka_consumer:59 - Kafka consumer created successfully.
2025-02-01 18:16:49.537 | INFO     | __main__:main:177 - Polling messages from topic 'smoker_csv'...
2025-02-01 18:16:58.402 | WARNING  | __main__:main:184 - Consumer interrupted by user.
2025-02-01 18:16:58.406 | INFO     | __main__:main:189 - Kafka consumer for topic 'smoker_csv' closed.
2025-02-01 18:17:38.041 | INFO     | utils.utils_logger:<module>:38 - Logging to file: logs\project_log.log
2025-02-01 18:17:38.043 | INFO     | __main__:<module>:66 - Project root: C:\Users\scmil\Documents\Data_Analytics\Data_Streaming\buzzline-03-miller
2025-02-01 18:17:38.043 | INFO     | __main__:<module>:70 - Data folder: C:\Users\scmil\Documents\Data_Analytics\Data_Streaming\buzzline-03-miller\data
2025-02-01 18:17:38.043 | INFO     | __main__:<module>:74 - Data file: C:\Users\scmil\Documents\Data_Analytics\Data_Streaming\buzzline-03-miller\data\smoker_temps.csv
2025-02-01 18:17:38.043 | INFO     | __main__:main:134 - START producer.
2025-02-01 18:17:38.043 | INFO     | utils.utils_producer:get_zookeeper_address:57 - Zookeeper address: localhost:2181
2025-02-01 18:17:38.047 | INFO     | utils.utils_producer:check_zookeeper_service_is_ready:79 - Zookeeper is ready at localhost:2181.
2025-02-01 18:17:38.048 | INFO     | utils.utils_producer:get_kafka_broker_address:50 - Kafka broker address: localhost:9092
2025-02-01 18:17:38.356 | INFO     | utils.utils_producer:check_kafka_service_is_ready:98 - Kafka is ready. Brokers: {'throttle_time_ms': 0, 'brokers': [{'node_id': 1001, 'host': 'localhost', 'port': 9092, 'rack': None}], 'cluster_id': 'b_YEc9_mSjyM5tN5MA9yMQ', 'controller_id': 1001}
2025-02-01 18:17:38.356 | INFO     | __main__:get_kafka_topic:48 - Kafka topic: smoker_csv
2025-02-01 18:17:38.358 | INFO     | __main__:get_message_interval:55 - Message interval: 5 seconds
2025-02-01 18:17:38.358 | INFO     | utils.utils_producer:get_kafka_broker_address:50 - Kafka broker address: localhost:9092
2025-02-01 18:17:38.358 | INFO     | utils.utils_producer:create_kafka_producer:146 - Connecting to Kafka broker at localhost:9092...
2025-02-01 18:17:38.462 | INFO     | utils.utils_producer:create_kafka_producer:151 - Kafka producer successfully created.
2025-02-01 18:17:38.463 | INFO     | utils.utils_producer:get_kafka_broker_address:50 - Kafka broker address: localhost:9092
2025-02-01 18:17:38.771 | INFO     | utils.utils_producer:create_kafka_topic:172 - Topic 'smoker_csv' already exists. Clearing it out...
2025-02-01 18:17:38.772 | INFO     | utils.utils_producer:get_kafka_broker_address:50 - Kafka broker address: localhost:9092
2025-02-01 18:17:39.081 | ERROR    | utils.utils_producer:clear_kafka_topic:235 - Error managing retention for topic 'smoker_csv': list indices must be integers or slices, not ConfigResource
2025-02-01 18:17:39.081 | INFO     | __main__:main:157 - Kafka topic 'smoker_csv' is ready.
2025-02-01 18:17:39.082 | INFO     | __main__:main:163 - Starting message production to topic 'smoker_csv'...
2025-02-01 18:17:39.082 | INFO     | __main__:generate_messages:93 - Opening data file in read mode: C:\Users\scmil\Documents\Data_Analytics\Data_Streaming\buzzline-03-miller\data\smoker_temps.csv
2025-02-01 18:17:39.082 | INFO     | __main__:generate_messages:95 - Reading data from file: C:\Users\scmil\Documents\Data_Analytics\Data_Streaming\buzzline-03-miller\data\smoker_temps.csv
2025-02-01 18:17:39.083 | INFO     | __main__:main:167 - Sent message to topic 'smoker_csv': {'timestamp': '00:17:39', 'temperature': 70.4}
2025-02-01 18:17:44.084 | INFO     | __main__:main:167 - Sent message to topic 'smoker_csv': {'timestamp': '00:17:44', 'temperature': 70.8}
2025-02-01 18:17:49.085 | INFO     | __main__:main:167 - Sent message to topic 'smoker_csv': {'timestamp': '00:17:49', 'temperature': 71.2}
2025-02-01 18:17:54.087 | INFO     | __main__:main:167 - Sent message to topic 'smoker_csv': {'timestamp': '00:17:54', 'temperature': 71.6}
2025-02-01 18:17:59.088 | INFO     | __main__:main:167 - Sent message to topic 'smoker_csv': {'timestamp': '00:17:59', 'temperature': 72.0}
2025-02-01 18:18:02.713 | WARNING  | __main__:main:170 - Producer interrupted by user.
2025-02-01 18:18:02.714 | INFO     | __main__:main:175 - Kafka producer closed.
2025-02-01 18:18:02.714 | INFO     | __main__:main:177 - END producer.
